2026-05-22T18:45:47.725041Z	an-open-letter-to-lic-by-peregrine-december-5-1962	Peregrine	peregrine	Peregrine
2026-05-22T18:45:47.725791Z	are-there-monopolies-and-concentration-of-economic-power-in-india-arvind-narotta-lalbhai-h-venkatasubbiah-july-5-1964	H. Venkatasubbiah	h-venkatasubbiah	H. Venkatasubbiah
2026-05-22T18:45:47.726011Z	business-and-public-welfare-v-k-narasimhan-march-9-1970	V. K. Narasimhan	v-k-narasimhan	V. K. Narasimhan
2026-05-22T18:45:47.726403Z	challenge-of-povert-by-dr-otto-count-lambsdroff-and-swaminathan-a-aiyar-2002	Swaminathan A. Aiyar	swaminathan-a-aiyar	Swaminathan A. Aiyar
2026-05-22T18:45:47.727151Z	efficiency-not-possible-in-public-undertaking-by-mr-anantharamakrishnan-and-cp-ramaswamy-ayyar-october-24-1956	C. P. Ramaswamy Ayyar	c-p-ramaswamy-ayyar	C. P. Ramaswamy Ayyar
2026-05-22T18:45:47.727488Z	free-enterpise-in-a-free-society-by-onlooker-february-21-1957	Onlooker	onlooker	Onlooker
2026-05-22T18:45:47.728253Z	how-to-start-an-industry-d-v-desai-august-8-1961	D. V. Desai	d-v-desai	D. V. Desai
2026-05-22T18:45:47.728442Z	identity-markets-and-socia-lwelfare-nandan-nilkekani-november-5-2009	Nandan Nilekani	nandan-nilekani	Nandan Nilekani
2026-05-22T18:45:47.728631Z	india-has-the-best-15-years-ahead-r-gopalakrishnan-march-5-2010	R. Gopalakrishnan	r-gopalakrishnan	R. Gopalakrishnan
2026-05-22T18:45:47.728810Z	india-needs-a-practical-economic-policy-dr-a-n-agarwala-may-10-1965	A. N. Agarwala	a-n-agarwala	A. N. Agarwala
2026-05-22T18:45:47.728977Z	india-needs-urgently-a-communication-revolution-n-t-taskar-february-1983	N. T. Taskar	n-t-taskar	N. T. Taskar
2026-05-22T18:45:47.729149Z	india-seeing-the-future-in-its-past-dr-raghumm-g-rajan-february-15-2006	Raghuram G. Rajan	raghuram-g-rajan	Raghuram G. Rajan
2026-05-22T18:45:47.729327Z	indian-banks-and-the-prevention-of-corruption-act-freedom-and-discipline-ar-ashima-goyal	Ashima Goyal	ashima-goyal	Ashima Goyal
2026-05-22T18:45:47.729506Z	indian-economic-development-1950-1980-an-assessment-by-dr-rm-honavar	R. M. Honavar	r-m-honavar	R. M. Honavar
2026-05-22T18:45:47.729805Z	indias-jobless-growth-dr-s-d-naik	S. D. Naik	s-d-naik	S. D. Naik
2026-05-22T18:45:47.729967Z	industrial-finance-in-a-mixed-economy-mr-g-l-mehta-april-14-1972	G. L. Mehta	g-l-mehta	G. L. Mehta
2026-05-22T18:45:47.730151Z	industrial-finance-some-trends-and-some-issues-s-s-nadkarni-june-26-1984	S. S. Nadkarni	s-s-nadkarni	S. S. Nadkarni
2026-05-22T18:45:47.730350Z	inflation-in-brazil-the-principles-of-monetary-correction-roberto-de-oliveira-campos-15-october-1975	Roberto de Oliveira Campos	roberto-de-oliveira-campos	Roberto de Oliveira Campos
2026-05-22T18:45:47.730543Z	infrastructure-public-goods-and-markets-kirit-s-parekh	Kirit S. Parekh	kirit-s-parekh	Kirit S. Parekh
2026-05-22T18:45:47.730738Z	integrity-national-life-nittoor-srinivasa-rao-1971	Nittoor Srinivasa Rao	nittoor-srinivasa-rao	Nittoor Srinivasa Rao
2026-05-22T18:45:47.730927Z	interest-rates-an-insight-rajaram-ajgaonkar	Rajaram Ajgaonkar	rajaram-ajgaonkar	Rajaram Ajgaonkar
2026-05-22T18:45:47.731123Z	interest-rates-and-economic-activity-dr-deepak-mohanty-february-3-2014	Deepak Mohanty	deepak-mohanty	Deepak Mohanty
2026-05-22T18:45:47.731460Z	is-nationalisation-of-industries-in-public-interest-gangadhar-gadgil-june-18-1979	Gangadhar Gadgil	gangadhar-gadgil	Gangadhar Gadgil
2026-05-22T18:45:47.731859Z	is-right-to-property-c-k-daphtary-april-9-1970	C. K. Daphtary	c-k-daphtary	C. K. Daphtary
2026-05-22T18:45:47.732236Z	its-indias-turn-now-jayant-sinha	Jayant Sinha	jayant-sinha	Jayant Sinha
2026-05-22T18:45:47.732441Z	l-i-c-discounting-the-assured-shailaja-bapat-september-14-1979	Shailaja Bapat	shailaja-bapat	Shailaja Bapat
2026-05-22T18:45:47.732639Z	lessons-of-wheat-trade-nationalisation-dr-a-c-chhatrapati-11-april-1974	A. C. Chhatrapati	a-c-chhatrapati	A. C. Chhatrapati
2026-05-22T18:45:47.732843Z	life-after-liberalisation-dr-a-s-ganguly-january-15-1992	A. S. Ganguly	a-s-ganguly	A. S. Ganguly
2026-05-22T18:45:47.733039Z	limits-of-nationalisation-dr-john-matthai-january-1-1970	John Matthai	john-matthai	John Matthai
2026-05-22T18:45:47.733225Z	limits-of-public-sector-in-india-gangadhar-gadgil-july-18-1979	Gangadhar Gadgil	gangadhar-gadgil	Gangadhar Gadgil
2026-05-22T18:45:47.733447Z	management-development-dr-surinder-p-s-pruthi-october-12-1971	Surinder P. S. Pruthi	surinder-p-s-pruthi	Surinder P. S. Pruthi
2026-05-22T18:45:47.733647Z	management-philosophy-of-peter-drucker-n-n-sachitanand-february-14-1979	N. N. Sachitanand	n-n-sachitanand	N. N. Sachitanand
2026-05-22T18:45:47.733837Z	managing-a-business-in-india-t-thomas-dilip-g-piramal-november-12-1980	T. Thomas	t-thomas	T. Thomas
2026-05-22T18:45:47.733888Z	managing-a-business-in-india-t-thomas-dilip-g-piramal-november-12-1980	Dilip G. Piramal	dilip-g-piramal	Dilip G. Piramal
2026-05-22T18:45:47.734214Z	mind-vs-mindset-the-grand-indian-challenge-dr-r-a-mashelkar-f-r-s-october-5-2010	R. A. Mashelkar	r-a-mashelkar	R. A. Mashelkar
2026-05-22T18:45:47.734418Z	modern-policing-for-a-modern-india-maja-daruwala-june-5-2009	Maja Daruwala	maja-daruwala	Maja Daruwala
2026-05-22T18:45:47.734615Z	moving-towards-an-empowered-customer-mrs-usha-thorat-august-8-2007	Usha Thorat	usha-thorat	Usha Thorat
2026-05-22T18:45:47.734808Z	nationalisation-and-the-crossroads-prof-amul-desai-apr8-1962	Amul Desai	amul-desai	Amul Desai
2026-05-22T18:45:47.735008Z	nationalised-insurance-policies-and-strategies-for-the-90s-r-k-daruwalla-june-10-1988	R. K. Daruwalla	r-k-daruwalla	R. K. Daruwalla
2026-05-22T18:45:47.735211Z	nurturing-management-talent-in-india-kumar-mangalam-birla	Kumar Mangalam Birla	kumar-mangalam-birla	Kumar Mangalam Birla
2026-05-22T18:45:47.735421Z	sheti-vayavsayavaril-arishit-by-shesrav-mohite	Shesrav Mohite	shesrav-mohite	Shesrav Mohite
2026-05-22T18:45:47.735685Z	shetkari-sanghtana-rajkiya-bhumika-by-ajit-narde	Ajit Narde	ajit-narde	Ajit Narde
2026-05-22T18:45:47.735947Z	yodha-shetkari-by-vijay-prulkar	Vijay Prulkar	vijay-prulkar	Vijay Prulkar
